<?xml version="1.0" encoding="UTF-8"?>
<!-- Generated by org.testng.reporters.JUnitReportReporter -->
<testsuite hostname="TYSS-Akash-Deb" failures="0" tests="5" name="shoppersstack.createAccount.AddProductTest" time="44.074" errors="0" timestamp="18 Mar 2024 08:04:24 GMT" skipped="0">
  <testcase classname="shoppersstack.createAccount.AddProductTest" name="loginUser" time="18.616"/>
  <testcase classname="shoppersstack.createAccount.AddProductTest" name="addTShirts" time="11.372"/>
  <testcase classname="shoppersstack.createAccount.AddProductTest" name="verifyProductsInCart" time="2.461"/>
  <testcase classname="shoppersstack.createAccount.AddProductTest" name="removeProductsFromCart" time="11.149"/>
  <testcase classname="shoppersstack.createAccount.AddProductTest" name="logoutUser" time="0.476"/>
</testsuite> <!-- shoppersstack.createAccount.AddProductTest -->
