<?xml version="1.0" encoding="UTF-8"?>
<!-- Generated by org.testng.reporters.JUnitReportReporter -->
<testsuite hostname="TYSS-Akash-Deb" failures="0" tests="2" name="shoppersstack.createAccount.CreateUserAccountTest" time="11.160" errors="0" timestamp="18 Mar 2024 08:25:11 GMT" skipped="1">
  <testcase classname="shoppersstack.createAccount.CreateUserAccountTest" name="loginUser" time="11.160"/>
  <testcase classname="shoppersstack.createAccount.CreateUserAccountTest" name="createAccount">
    <skipped/>
  </testcase> <!-- createAccount -->
</testsuite> <!-- shoppersstack.createAccount.CreateUserAccountTest -->
