<?xml version="1.0" encoding="UTF-8"?>
<!-- Generated by org.testng.reporters.JUnitReportReporter -->
<testsuite hostname="TYSS-Akash-Deb" failures="0" tests="2" name="addProductForWomen.AddKurtiTest" time="9.484" errors="0" timestamp="18 Mar 2024 10:13:15 GMT" skipped="0">
  <testcase classname="addProductForWomen.AddKurtiTest" name="addProduct" time="7.240"/>
  <testcase classname="addProductForWomen.AddKurtiTest" name="removeProduct" time="2.244"/>
</testsuite> <!-- addProductForWomen.AddKurtiTest -->
