<?xml version="1.0" encoding="UTF-8"?>
<!-- Generated by org.testng.reporters.JUnitReportReporter -->
<testsuite hostname="TYSS-Akash-Deb" failures="0" tests="2" name="addProductsForMen.AddShirtsTest" time="7.103" errors="0" timestamp="18 Mar 2024 10:51:14 GMT" skipped="0">
  <testcase classname="addProductsForMen.AddShirtsTest" name="addShirts" time="4.830"/>
  <testcase classname="addProductsForMen.AddShirtsTest" name="removeProduct" time="2.273"/>
</testsuite> <!-- addProductsForMen.AddShirtsTest -->
