<?xml version="1.0" encoding="UTF-8"?>
<!-- Generated by org.testng.reporters.JUnitReportReporter -->
<testsuite hostname="TYSS-Akash-Deb" failures="0" tests="3" name="shoppersstack.api.RegisterShopper.ShopperProfileTest" time="6.208" errors="0" timestamp="20 Mar 2024 08:20:50 GMT" skipped="0">
  <testcase classname="shoppersstack.api.RegisterShopper.ShopperProfileTest" name="registerShopper" time="3.135"/>
  <testcase classname="shoppersstack.api.RegisterShopper.ShopperProfileTest" name="loginShopper" time="1.606"/>
  <testcase classname="shoppersstack.api.RegisterShopper.ShopperProfileTest" name="findShopperDataByShopperID" time="1.467"/>
</testsuite> <!-- shoppersstack.api.RegisterShopper.ShopperProfileTest -->
