<?xml version="1.0" encoding="UTF-8"?>
<!-- Generated by org.testng.reporters.JUnitReportReporter -->
<testsuite hostname="TYSS-Akash-Deb" failures="0" tests="3" name="addProductsForMen.AddTshirtsTest" time="24.955" errors="0" timestamp="18 Mar 2024 10:05:50 GMT" skipped="0">
  <testcase classname="addProductsForMen.AddTshirtsTest" name="addTShirts" time="11.353"/>
  <testcase classname="addProductsForMen.AddTshirtsTest" name="verifyProductsInCart" time="2.472"/>
  <testcase classname="addProductsForMen.AddTshirtsTest" name="removeProductsFromCart" time="11.130"/>
</testsuite> <!-- addProductsForMen.AddTshirtsTest -->
